-------------------------------------------------------------------------------
Test set: com.studentdetails.form.StudentEditorTest
-------------------------------------------------------------------------------
Tests run: 1, Failures: 1, Errors: 0, Skipped: 0, Time elapsed: 0.228 sec <<< FAILURE! - in com.studentdetails.form.StudentEditorTest
shouldStoreStudentInRepoWhenEditorSaveClicked(com.studentdetails.form.StudentEditorTest)  Time elapsed: 0.028 sec  <<< FAILURE!
org.mockito.exceptions.verification.WantedButNotInvoked: 
Wanted but not invoked:
studentRepository.save();
-> at com.studentdetails.form.StudentEditorTest.shouldStoreStudentInRepoWhenEditorSaveClicked(StudentEditorTest.java:38)
Actually, there were zero interactions with this mock.

	at com.studentdetails.form.StudentEditorTest.shouldStoreStudentInRepoWhenEditorSaveClicked(StudentEditorTest.java:38)

